[2024-01-30T20:11:05.752Z] [32minfo[39m: Server is running on port 5000
[2024-01-30T20:11:06.593Z] [32minfo[39m: Connected to the database
[2024-01-30T20:11:28.203Z] [32minfo[39m: Request came for signup
[2024-01-30T20:11:28.329Z] [31merror[39m: User validation failed: name: Path `name` is required., email: Path `email` is required., phone_number: Path `phone_number` is required.
[2024-01-30T22:14:22.461Z] [32minfo[39m: Server is running on port 5000
[2024-01-30T22:14:23.988Z] [32minfo[39m: Connected to the database
[2024-01-30T22:16:38.427Z] [32minfo[39m: Request came for getting user
[2024-01-30T22:17:25.060Z] [32minfo[39m: Request came for login
[2024-01-30T22:17:27.321Z] [32minfo[39m: Request came for getting user
[2024-01-30T22:17:31.769Z] [32minfo[39m: Inside restrict middleware
[2024-01-30T22:17:31.797Z] [32minfo[39m: Inside allowOnlyShops middleware
[2024-01-30T22:17:31.798Z] [32minfo[39m: Request came for getting menu
[2024-01-30T22:17:41.563Z] [32minfo[39m: Request came for getting user
[2024-01-30T22:18:03.324Z] [32minfo[39m: Request came for login
[2024-01-30T22:18:31.514Z] [32minfo[39m: Request came for getting user
[2024-01-30T22:19:20.707Z] [32minfo[39m: Request came for login
[2024-01-30T22:19:31.230Z] [32minfo[39m: Inside restrict middleware
[2024-01-30T22:19:31.256Z] [32minfo[39m: Inside allowOnlyShops middleware
[2024-01-30T22:19:31.257Z] [32minfo[39m: Request came for getting menu
[2024-01-30T22:19:34.225Z] [32minfo[39m: Inside restrict middleware
[2024-01-30T22:19:34.253Z] [32minfo[39m: Inside allowOnlyShops middleware
[2024-01-30T22:19:34.254Z] [32minfo[39m: Request came for getting menu
[2024-01-30T22:19:44.737Z] [32minfo[39m: Inside restrict middleware
[2024-01-30T22:19:44.763Z] [32minfo[39m: Inside allowOnlyShops middleware
[2024-01-30T22:19:44.764Z] [32minfo[39m: Request came for getting menu
[2024-01-30T22:19:45.744Z] [32minfo[39m: Inside restrict middleware
[2024-01-30T22:19:45.769Z] [32minfo[39m: Inside allowOnlyShops middleware
[2024-01-30T22:19:45.770Z] [32minfo[39m: Request came for getting menu
[2024-01-30T22:19:47.298Z] [32minfo[39m: Request came for getting user
[2024-01-30T22:30:15.811Z] [32minfo[39m: Server is running on port 5000
[2024-01-30T22:30:17.307Z] [32minfo[39m: Connected to the database
[2024-01-30T22:36:12.154Z] [32minfo[39m: Request came for getting user
[2024-01-30T22:36:12.220Z] [32minfo[39m: Request came for getting user
[2024-01-30T22:36:45.075Z] [32minfo[39m: Request came for getting user
[2024-01-30T22:37:01.071Z] [32minfo[39m: Request came for getting user
[2024-01-30T22:37:33.290Z] [32minfo[39m: Inside restrict middleware
[2024-01-30T22:37:33.318Z] [32minfo[39m: Inside allowOnlyShops middleware
[2024-01-30T22:37:33.319Z] [32minfo[39m: Request came for getting menu
[2024-01-30T22:39:29.037Z] [32minfo[39m: Inside restrict middleware
[2024-01-30T22:39:29.065Z] [32minfo[39m: Inside allowOnlyShops middleware
[2024-01-30T22:39:29.082Z] [32minfo[39m: Inside uploadInFirebase middleware
[2024-01-30T22:39:30.568Z] [32minfo[39m: Request came for updating menu
[2024-01-30T22:39:32.741Z] [32minfo[39m: Request came for getting user
[2024-01-30T22:39:34.298Z] [32minfo[39m: Inside restrict middleware
[2024-01-30T22:39:34.324Z] [32minfo[39m: Inside allowOnlyShops middleware
[2024-01-30T22:39:34.325Z] [32minfo[39m: Request came for getting menu
[2024-01-30T22:39:48.795Z] [32minfo[39m: Request came for getting user
[2024-01-31T05:42:37.560Z] [32minfo[39m: Server is running on port 5000
[2024-01-31T05:42:38.642Z] [32minfo[39m: Connected to the database
[2024-01-31T05:44:34.947Z] [32minfo[39m: Request came for getting user
[2024-01-31T06:07:17.154Z] [32minfo[39m: Request came for login
[2024-01-31T06:07:42.236Z] [32minfo[39m: Inside restrict middleware
[2024-01-31T06:07:42.279Z] [32minfo[39m: Inside allowOnlyShops middleware
[2024-01-31T06:07:42.294Z] [32minfo[39m: Inside uploadInFirebase middleware
[2024-01-31T06:07:44.044Z] [32minfo[39m: Request came for updating menu
[2024-01-31T06:07:46.996Z] [32minfo[39m: Request came for getting user
[2024-01-31T06:07:48.298Z] [32minfo[39m: Inside restrict middleware
[2024-01-31T06:07:48.332Z] [32minfo[39m: Inside allowOnlyShops middleware
[2024-01-31T06:07:48.334Z] [32minfo[39m: Request came for getting menu
[2024-01-31T06:08:05.559Z] [32minfo[39m: Request came for getting user
[2024-02-08T16:49:51.500Z] [32minfo[39m: Server is running on port 5000
[2024-02-08T16:50:05.171Z] [32minfo[39m: Connected to the database
[2024-02-08T16:51:54.935Z] [32minfo[39m: Request came for getting user
[2024-02-08T16:52:29.478Z] [32minfo[39m: Request came for login
[2024-02-08T16:52:41.246Z] [32minfo[39m: Request came for login
[2024-02-08T16:52:43.506Z] [32minfo[39m: Request came for getting user
[2024-02-08T16:52:50.790Z] [32minfo[39m: Inside restrict middleware
[2024-02-08T16:52:50.849Z] [32minfo[39m: Inside allowOnlyShops middleware
[2024-02-08T16:52:50.850Z] [32minfo[39m: Request came for getting menu
[2024-02-08T16:53:08.196Z] [32minfo[39m: Inside restrict middleware
[2024-02-08T16:53:08.257Z] [32minfo[39m: Inside allowOnlyShops middleware
[2024-02-08T16:53:08.258Z] [32minfo[39m: Request came for getting menu
[2024-02-08T16:53:21.425Z] [32minfo[39m: Request came for getting user
[2024-02-08T16:53:33.824Z] [32minfo[39m: Request came for login
[2024-02-08T16:54:23.748Z] [32minfo[39m: Request came for getting user
[2024-02-08T16:54:37.056Z] [32minfo[39m: Request came for login
[2024-02-08T16:54:50.601Z] [32minfo[39m: Inside restrict middleware
[2024-02-08T16:54:50.661Z] [32minfo[39m: Inside allowOnlyShops middleware
[2024-02-08T16:54:50.662Z] [32minfo[39m: Request came for getting menu
[2024-02-08T16:55:03.135Z] [32minfo[39m: Inside restrict middleware
[2024-02-08T16:55:03.198Z] [32minfo[39m: Inside allowOnlyShops middleware
[2024-02-08T16:55:03.199Z] [32minfo[39m: Request came for getting menu
[2024-02-08T16:55:06.996Z] [32minfo[39m: Request came for getting user
[2024-02-08T16:55:52.283Z] [32minfo[39m: Request came for login
[2024-02-08T16:56:39.856Z] [32minfo[39m: Request came for getting user
[2024-02-08T16:59:33.696Z] [32minfo[39m: Request came for getting user
[2024-02-08T17:00:01.986Z] [32minfo[39m: Request came for login
[2024-02-08T17:00:06.026Z] [32minfo[39m: Request came for getting user
[2024-02-08T17:00:08.850Z] [32minfo[39m: Request came for getting user
[2024-02-08T17:00:17.381Z] [32minfo[39m: Request came for getting user
[2024-02-08T17:01:57.079Z] [32minfo[39m: Request came for getting user
[2024-02-08T17:08:22.083Z] [32minfo[39m: Request came for getting user
[2024-02-08T17:12:09.905Z] [32minfo[39m: Request came for getting user
[2024-02-08T17:13:28.072Z] [32minfo[39m: Request came for login
[2024-02-08T17:14:14.682Z] [32minfo[39m: Request came for getting user
[2024-02-08T17:14:39.421Z] [32minfo[39m: Request came for getting user
[2024-02-08T17:16:10.764Z] [32minfo[39m: Request came for getting user
[2024-02-08T17:18:21.972Z] [32minfo[39m: Request came for getting user
[2024-02-08T17:18:33.601Z] [32minfo[39m: Request came for getting user
[2024-02-08T17:25:53.086Z] [32minfo[39m: Request came for login
[2024-02-08T17:25:54.671Z] [32minfo[39m: Request came for getting user
[2024-02-08T17:34:47.265Z] [32minfo[39m: Request came for getting user
[2024-02-08T17:35:04.300Z] [32minfo[39m: Request came for login
[2024-02-08T17:35:06.244Z] [32minfo[39m: Request came for getting user
[2024-02-08T17:42:18.228Z] [32minfo[39m: Request came for login
[2024-02-08T17:42:21.872Z] [32minfo[39m: Inside restrict middleware
[2024-02-08T17:42:21.936Z] [32minfo[39m: Inside allowOnlyShops middleware
[2024-02-08T17:42:21.937Z] [32minfo[39m: Request came for getting menu
[2024-02-08T17:44:03.737Z] [32minfo[39m: Inside restrict middleware
[2024-02-08T17:44:03.806Z] [32minfo[39m: Inside allowOnlyShops middleware
[2024-02-08T17:44:03.807Z] [32minfo[39m: Request came for getting menu
[2024-02-08T17:44:24.829Z] [32minfo[39m: Inside restrict middleware
[2024-02-08T17:44:24.891Z] [32minfo[39m: Inside allowOnlyShops middleware
[2024-02-08T17:44:24.892Z] [32minfo[39m: Request came for getting menu
[2024-02-08T17:46:05.881Z] [32minfo[39m: Inside restrict middleware
[2024-02-08T17:46:05.938Z] [32minfo[39m: Inside allowOnlyShops middleware
[2024-02-08T17:46:05.939Z] [32minfo[39m: Request came for getting menu
[2024-02-08T17:46:23.358Z] [32minfo[39m: Inside restrict middleware
[2024-02-08T17:46:23.416Z] [32minfo[39m: Inside allowOnlyShops middleware
[2024-02-08T17:46:23.417Z] [32minfo[39m: Request came for getting menu
[2024-02-08T17:46:29.742Z] [32minfo[39m: Inside restrict middleware
[2024-02-08T17:46:29.797Z] [32minfo[39m: Inside allowOnlyShops middleware
[2024-02-08T17:46:29.798Z] [32minfo[39m: Request came for getting menu
[2024-02-08T17:51:56.909Z] [32minfo[39m: Inside restrict middleware
[2024-02-08T17:51:56.971Z] [32minfo[39m: Inside allowOnlyShops middleware
[2024-02-08T17:51:56.972Z] [32minfo[39m: Request came for getting menu
[2024-02-08T17:54:46.757Z] [32minfo[39m: Inside restrict middleware
[2024-02-08T17:54:46.823Z] [32minfo[39m: Inside allowOnlyShops middleware
[2024-02-08T17:54:46.824Z] [32minfo[39m: Request came for getting menu
[2024-02-08T17:57:00.715Z] [32minfo[39m: Inside restrict middleware
[2024-02-08T17:57:00.774Z] [32minfo[39m: Inside allowOnlyShops middleware
[2024-02-08T17:57:00.775Z] [32minfo[39m: Request came for getting menu
[2024-02-08T17:57:26.087Z] [32minfo[39m: Inside restrict middleware
[2024-02-08T17:57:26.149Z] [32minfo[39m: Inside allowOnlyShops middleware
[2024-02-08T17:57:26.150Z] [32minfo[39m: Request came for getting menu
[2024-02-08T17:58:41.831Z] [32minfo[39m: Inside restrict middleware
[2024-02-08T17:58:41.902Z] [32minfo[39m: Inside allowOnlyShops middleware
[2024-02-08T17:58:41.903Z] [32minfo[39m: Request came for getting menu
[2024-02-08T18:00:30.128Z] [32minfo[39m: Inside restrict middleware
[2024-02-08T18:00:30.224Z] [32minfo[39m: Inside allowOnlyShops middleware
[2024-02-08T18:00:30.225Z] [32minfo[39m: Request came for getting menu
[2024-02-08T18:00:35.011Z] [32minfo[39m: Inside restrict middleware
[2024-02-08T18:00:35.093Z] [32minfo[39m: Inside allowOnlyShops middleware
[2024-02-08T18:00:35.094Z] [32minfo[39m: Request came for getting menu
[2024-02-08T18:01:25.652Z] [32minfo[39m: Inside restrict middleware
[2024-02-08T18:01:25.706Z] [32minfo[39m: Inside allowOnlyShops middleware
[2024-02-08T18:01:25.707Z] [32minfo[39m: Request came for getting menu
[2024-02-08T18:02:37.442Z] [32minfo[39m: Inside restrict middleware
[2024-02-08T18:02:37.543Z] [32minfo[39m: Inside allowOnlyShops middleware
[2024-02-08T18:02:37.544Z] [32minfo[39m: Request came for getting menu
[2024-02-08T18:04:11.133Z] [32minfo[39m: Inside restrict middleware
[2024-02-08T18:04:11.193Z] [32minfo[39m: Inside allowOnlyShops middleware
[2024-02-08T18:04:11.193Z] [32minfo[39m: Request came for getting menu
[2024-02-08T18:05:56.231Z] [32minfo[39m: Inside restrict middleware
[2024-02-08T18:05:56.310Z] [32minfo[39m: Inside allowOnlyShops middleware
[2024-02-08T18:05:56.311Z] [32minfo[39m: Request came for getting menu
[2024-02-08T18:06:51.080Z] [32minfo[39m: Inside restrict middleware
[2024-02-08T18:06:51.146Z] [32minfo[39m: Inside allowOnlyShops middleware
[2024-02-08T18:06:51.147Z] [32minfo[39m: Request came for getting menu
[2024-02-08T18:07:09.532Z] [32minfo[39m: Inside restrict middleware
[2024-02-08T18:07:09.589Z] [32minfo[39m: Inside allowOnlyShops middleware
[2024-02-08T18:07:09.590Z] [32minfo[39m: Request came for getting menu
[2024-02-08T18:07:33.580Z] [32minfo[39m: Inside restrict middleware
[2024-02-08T18:07:51.659Z] [32minfo[39m: Request came for login
[2024-02-08T18:07:52.163Z] [32minfo[39m: Request came for login
[2024-02-08T18:08:16.385Z] [32minfo[39m: Request came for login
[2024-02-08T18:08:25.298Z] [31merror[39m: getaddrinfo ENOTFOUND ac-waun7nn-shard-00-00.aysqpl1.mongodb.net
[2024-02-08T18:08:30.614Z] [31merror[39m: getaddrinfo ENOTFOUND ac-waun7nn-shard-00-00.aysqpl1.mongodb.net
[2024-02-08T18:08:33.336Z] [31merror[39m: getaddrinfo ENOTFOUND ac-waun7nn-shard-00-00.aysqpl1.mongodb.net
[2024-02-08T18:08:46.392Z] [31merror[39m: getaddrinfo ENOTFOUND ac-waun7nn-shard-00-00.aysqpl1.mongodb.net
[2024-02-08T18:18:23.757Z] [32minfo[39m: Request came for login
[2024-02-08T18:18:26.311Z] [32minfo[39m: Request came for getting user
[2024-02-08T18:18:35.852Z] [32minfo[39m: Request came for getting user
[2024-02-08T18:18:50.119Z] [32minfo[39m: Request came for getting user
[2024-02-08T18:19:00.800Z] [32minfo[39m: Request came for login
[2024-02-08T18:19:04.148Z] [32minfo[39m: Inside restrict middleware
[2024-02-08T18:19:04.214Z] [32minfo[39m: Inside allowOnlyShops middleware
[2024-02-08T18:19:04.214Z] [32minfo[39m: Request came for getting menu
[2024-02-08T18:20:21.327Z] [32minfo[39m: Inside restrict middleware
[2024-02-08T18:20:21.382Z] [32minfo[39m: Inside allowOnlyShops middleware
[2024-02-08T18:20:21.383Z] [32minfo[39m: Request came for getting menu
[2024-02-08T18:20:41.271Z] [32minfo[39m: Inside restrict middleware
[2024-02-08T18:20:41.348Z] [32minfo[39m: Inside allowOnlyShops middleware
[2024-02-08T18:20:41.349Z] [32minfo[39m: Request came for getting menu
[2024-02-08T18:21:10.071Z] [32minfo[39m: Inside restrict middleware
[2024-02-08T18:21:10.133Z] [32minfo[39m: Inside allowOnlyShops middleware
[2024-02-08T18:21:10.134Z] [32minfo[39m: Request came for getting menu
[2024-02-08T18:21:28.760Z] [32minfo[39m: Inside restrict middleware
[2024-02-08T18:21:28.827Z] [32minfo[39m: Inside allowOnlyShops middleware
[2024-02-08T18:21:28.828Z] [32minfo[39m: Request came for getting menu
[2024-02-08T18:22:31.132Z] [32minfo[39m: Inside restrict middleware
[2024-02-08T18:22:31.187Z] [32minfo[39m: Inside allowOnlyShops middleware
[2024-02-08T18:22:31.188Z] [32minfo[39m: Request came for getting menu
[2024-02-08T18:24:50.514Z] [32minfo[39m: Inside restrict middleware
[2024-02-08T18:24:50.571Z] [32minfo[39m: Inside allowOnlyShops middleware
[2024-02-08T18:24:50.572Z] [32minfo[39m: Request came for getting menu
[2024-02-08T18:25:03.699Z] [32minfo[39m: Inside restrict middleware
[2024-02-08T18:25:03.760Z] [32minfo[39m: Inside allowOnlyShops middleware
[2024-02-08T18:25:03.761Z] [32minfo[39m: Request came for getting menu
[2024-02-08T18:25:04.799Z] [32minfo[39m: Inside restrict middleware
[2024-02-08T18:25:05.170Z] [32minfo[39m: Inside allowOnlyShops middleware
[2024-02-08T18:25:05.171Z] [32minfo[39m: Request came for getting menu
[2024-02-08T18:25:30.743Z] [32minfo[39m: Request came for login
[2024-02-08T18:25:32.181Z] [32minfo[39m: Request came for getting user
[2024-02-08T18:25:39.573Z] [32minfo[39m: Request came for getting user
[2024-02-08T18:25:48.965Z] [32minfo[39m: Request came for login
[2024-02-08T18:25:51.913Z] [32minfo[39m: Inside restrict middleware
[2024-02-08T18:25:51.991Z] [32minfo[39m: Inside allowOnlyShops middleware
[2024-02-08T18:25:51.992Z] [32minfo[39m: Request came for getting menu
[2024-02-08T18:28:40.419Z] [32minfo[39m: Inside restrict middleware
[2024-02-08T18:28:40.490Z] [32minfo[39m: Inside allowOnlyShops middleware
[2024-02-08T18:28:40.491Z] [32minfo[39m: Request came for getting menu
[2024-02-08T18:28:43.943Z] [32minfo[39m: Inside restrict middleware
[2024-02-08T18:28:44.016Z] [32minfo[39m: Inside allowOnlyShops middleware
[2024-02-08T18:28:44.016Z] [32minfo[39m: Request came for getting menu
[2024-02-08T18:28:55.454Z] [32minfo[39m: Inside restrict middleware
[2024-02-08T18:28:55.517Z] [32minfo[39m: Inside allowOnlyShops middleware
[2024-02-08T18:28:55.518Z] [32minfo[39m: Request came for getting menu
[2024-02-08T18:29:16.687Z] [32minfo[39m: Inside restrict middleware
[2024-02-08T18:29:16.750Z] [32minfo[39m: Inside allowOnlyShops middleware
[2024-02-08T18:29:16.751Z] [32minfo[39m: Request came for getting menu
[2024-02-08T18:29:33.821Z] [32minfo[39m: Inside restrict middleware
[2024-02-08T18:29:33.879Z] [32minfo[39m: Inside allowOnlyShops middleware
[2024-02-08T18:29:33.880Z] [32minfo[39m: Request came for getting menu
[2024-02-08T18:29:54.971Z] [32minfo[39m: Inside restrict middleware
[2024-02-08T18:29:55.046Z] [32minfo[39m: Inside allowOnlyShops middleware
[2024-02-08T18:29:55.047Z] [32minfo[39m: Request came for getting menu
[2024-02-08T18:30:23.814Z] [32minfo[39m: Inside restrict middleware
[2024-02-08T18:30:23.894Z] [32minfo[39m: Inside allowOnlyShops middleware
[2024-02-08T18:30:23.894Z] [32minfo[39m: Request came for getting menu
[2024-02-08T18:30:49.345Z] [32minfo[39m: Inside restrict middleware
[2024-02-08T18:30:49.408Z] [32minfo[39m: Inside allowOnlyShops middleware
[2024-02-08T18:30:49.408Z] [32minfo[39m: Request came for getting menu
[2024-02-08T18:31:18.454Z] [32minfo[39m: Inside restrict middleware
[2024-02-08T18:31:18.519Z] [32minfo[39m: Inside allowOnlyShops middleware
[2024-02-08T18:31:18.520Z] [32minfo[39m: Request came for getting menu
[2024-02-08T18:31:44.683Z] [32minfo[39m: Inside restrict middleware
[2024-02-08T18:31:44.737Z] [32minfo[39m: Inside allowOnlyShops middleware
[2024-02-08T18:31:44.738Z] [32minfo[39m: Request came for getting menu
[2024-02-08T18:31:59.117Z] [32minfo[39m: Inside restrict middleware
[2024-02-08T18:31:59.179Z] [32minfo[39m: Inside allowOnlyShops middleware
[2024-02-08T18:31:59.180Z] [32minfo[39m: Request came for getting menu
[2024-02-08T18:32:14.247Z] [32minfo[39m: Inside restrict middleware
[2024-02-08T18:32:14.302Z] [32minfo[39m: Inside allowOnlyShops middleware
[2024-02-08T18:32:14.303Z] [32minfo[39m: Request came for getting menu
[2024-02-08T18:32:58.025Z] [32minfo[39m: Inside restrict middleware
[2024-02-08T18:32:58.115Z] [32minfo[39m: Inside allowOnlyShops middleware
[2024-02-08T18:32:58.115Z] [32minfo[39m: Request came for getting menu
[2024-02-08T18:34:44.161Z] [32minfo[39m: Inside restrict middleware
[2024-02-08T18:34:44.220Z] [32minfo[39m: Inside allowOnlyShops middleware
[2024-02-08T18:34:44.221Z] [32minfo[39m: Request came for getting menu
[2024-02-08T18:36:06.839Z] [32minfo[39m: Inside restrict middleware
[2024-02-08T18:36:06.913Z] [32minfo[39m: Inside allowOnlyShops middleware
[2024-02-08T18:36:06.914Z] [32minfo[39m: Request came for getting menu
[2024-02-08T18:36:55.065Z] [32minfo[39m: Inside restrict middleware
[2024-02-08T18:36:55.163Z] [32minfo[39m: Inside allowOnlyShops middleware
[2024-02-08T18:36:55.163Z] [32minfo[39m: Request came for getting menu
[2024-02-08T18:37:36.235Z] [32minfo[39m: Inside restrict middleware
[2024-02-08T18:37:36.314Z] [32minfo[39m: Inside allowOnlyShops middleware
[2024-02-08T18:37:36.315Z] [32minfo[39m: Request came for getting menu
[2024-02-08T18:38:28.299Z] [32minfo[39m: Inside restrict middleware
[2024-02-08T18:38:28.361Z] [32minfo[39m: Inside allowOnlyShops middleware
[2024-02-08T18:38:28.361Z] [32minfo[39m: Request came for getting menu
[2024-02-08T18:43:37.079Z] [32minfo[39m: Request came for login
[2024-02-08T18:43:38.680Z] [32minfo[39m: Request came for getting user
[2024-02-08T18:43:40.207Z] [32minfo[39m: Inside restrict middleware
[2024-02-08T18:43:40.265Z] [32minfo[39m: Inside allowOnlyShops middleware
[2024-02-08T18:43:40.266Z] [32minfo[39m: Request came for getting menu
[2024-02-08T18:47:48.271Z] [32minfo[39m: Inside restrict middleware
[2024-02-08T18:47:48.326Z] [32minfo[39m: Inside allowOnlyShops middleware
[2024-02-08T18:47:48.326Z] [32minfo[39m: Request came for getting menu
[2024-02-08T18:47:55.684Z] [32minfo[39m: Request came for getting user
[2024-02-08T18:48:05.043Z] [32minfo[39m: Request came for login
[2024-02-08T18:48:32.492Z] [32minfo[39m: Request came for getting user
[2024-02-08T18:51:24.708Z] [32minfo[39m: Request came for getting user
[2024-02-08T18:51:34.095Z] [32minfo[39m: Request came for login
[2024-02-08T18:51:37.912Z] [32minfo[39m: Inside restrict middleware
[2024-02-08T18:51:37.968Z] [32minfo[39m: Inside allowOnlyShops middleware
[2024-02-08T18:51:37.969Z] [32minfo[39m: Request came for getting menu
[2024-02-08T18:51:55.793Z] [32minfo[39m: Inside restrict middleware
[2024-02-08T18:51:55.854Z] [32minfo[39m: Inside allowOnlyShops middleware
[2024-02-08T18:51:55.855Z] [32minfo[39m: Request came for getting menu
[2024-02-08T18:51:59.626Z] [32minfo[39m: Request came for getting user
[2024-02-08T18:52:12.402Z] [32minfo[39m: Request came for login
[2024-02-08T19:02:40.881Z] [32minfo[39m: Server is running on port 5000
[2024-02-08T19:02:45.139Z] [32minfo[39m: Server is running on port 5000
[2024-02-08T19:02:47.112Z] [32minfo[39m: Connected to the database
[2024-02-08T19:11:14.801Z] [32minfo[39m: Server is running on port 5000
[2024-02-08T19:11:16.092Z] [32minfo[39m: Server is running on port 5000
[2024-02-08T19:11:21.431Z] [32minfo[39m: Request came for getting menu
[2024-02-08T19:12:21.633Z] [32minfo[39m: Server is running on port 5000
[2024-02-08T19:12:25.229Z] [32minfo[39m: Server is running on port 5000
[2024-02-08T19:12:29.875Z] [32minfo[39m: Request came for getting menu
[2024-02-08T19:12:40.312Z] [32minfo[39m: Connected to the database
[2024-02-08T19:12:47.851Z] [32minfo[39m: Server is running on port 5000
[2024-02-08T19:12:48.417Z] [32minfo[39m: Connected to the database
[2024-02-08T19:12:56.725Z] [32minfo[39m: Request came for search
[2024-02-08T19:13:24.233Z] [32minfo[39m: Server is running on port 5000
[2024-02-08T19:13:27.635Z] [32minfo[39m: Server is running on port 5000
[2024-02-08T19:13:32.420Z] [32minfo[39m: Server is running on port 5000
[2024-02-08T19:13:33.223Z] [32minfo[39m: Connected to the database
[2024-02-08T19:13:35.654Z] [32minfo[39m: Server is running on port 5000
[2024-02-08T19:13:36.772Z] [32minfo[39m: Server is running on port 5000
[2024-02-08T19:13:41.603Z] [32minfo[39m: Request came for search
[2024-02-08T19:13:53.206Z] [32minfo[39m: Connected to the database
[2024-02-08T19:14:01.672Z] [32minfo[39m: Server is running on port 5000
[2024-02-08T19:14:09.517Z] [32minfo[39m: Connected to the database
[2024-02-08T19:14:13.849Z] [32minfo[39m: Request came for search
[2024-02-08T19:15:19.597Z] [32minfo[39m: Server is running on port 5000
[2024-02-08T19:16:30.139Z] [32minfo[39m: Server is running on port 5000
[2024-02-08T19:16:34.045Z] [32minfo[39m: Server is running on port 5000
[2024-02-08T19:16:38.765Z] [32minfo[39m: Request came for search
[2024-02-08T19:17:16.345Z] [32minfo[39m: Connected to the database
[2024-02-08T19:17:28.026Z] [32minfo[39m: Server is running on port 5000
[2024-02-08T19:17:32.030Z] [32minfo[39m: Connected to the database
[2024-02-08T19:17:35.832Z] [32minfo[39m: Request came for search
[2024-02-08T19:18:00.385Z] [32minfo[39m: Server is running on port 5000
[2024-02-08T19:18:03.212Z] [32minfo[39m: Server is running on port 5000
[2024-02-08T19:18:08.815Z] [32minfo[39m: Server is running on port 5000
[2024-02-08T19:18:09.468Z] [32minfo[39m: Connected to the database
[2024-02-08T19:18:10.626Z] [32minfo[39m: Request came for search
[2024-02-08T19:18:27.236Z] [32minfo[39m: Server is running on port 5000
[2024-02-08T19:18:28.967Z] [32minfo[39m: Connected to the database
[2024-02-08T19:18:31.424Z] [32minfo[39m: Request came for search
[2024-02-08T19:18:53.913Z] [32minfo[39m: Request came for search
[2024-02-08T19:21:35.659Z] [32minfo[39m: Server is running on port 5000
[2024-02-08T19:21:38.495Z] [32minfo[39m: Server is running on port 5000
[2024-02-08T19:21:42.063Z] [32minfo[39m: Server is running on port 5000
[2024-02-08T19:21:44.783Z] [32minfo[39m: Server is running on port 5000
[2024-02-08T19:21:48.474Z] [32minfo[39m: Server is running on port 5000
[2024-02-08T19:21:50.191Z] [32minfo[39m: Connected to the database
[2024-02-08T19:22:04.977Z] [32minfo[39m: Request came for search
[2024-02-08T19:22:17.847Z] [32minfo[39m: Server is running on port 5000
[2024-02-08T19:22:19.590Z] [32minfo[39m: Server is running on port 5000
[2024-02-08T19:22:22.125Z] [32minfo[39m: Request came for search
[2024-02-08T19:22:25.773Z] [32minfo[39m: Connected to the database
[2024-02-08T19:24:47.794Z] [32minfo[39m: Server is running on port 5000
[2024-02-08T19:24:48.537Z] [32minfo[39m: Connected to the database
[2024-02-08T19:24:49.618Z] [32minfo[39m: Server is running on port 5000
[2024-02-08T19:24:53.368Z] [32minfo[39m: Server is running on port 5000
[2024-02-08T19:25:01.085Z] [32minfo[39m: Request came for search
[2024-02-08T19:25:05.172Z] [32minfo[39m: Connected to the database
[2024-02-08T19:25:22.171Z] [32minfo[39m: Request came for search
[2024-02-08T19:28:52.852Z] [32minfo[39m: Request came for search
[2024-02-08T19:30:28.362Z] [32minfo[39m: Request came for search
[2024-02-08T19:30:39.345Z] [32minfo[39m: Request came for search
[2024-02-08T19:32:17.974Z] [32minfo[39m: Server is running on port 5000
[2024-02-08T19:32:22.660Z] [32minfo[39m: Server is running on port 5000
[2024-02-08T19:32:23.687Z] [32minfo[39m: Server is running on port 5000
[2024-02-08T19:32:25.566Z] [32minfo[39m: Server is running on port 5000
[2024-02-08T19:32:29.357Z] [32minfo[39m: Request came for search
[2024-02-08T19:32:32.177Z] [32minfo[39m: Connected to the database
[2024-02-08T19:32:41.511Z] [32minfo[39m: Request came for search
[2024-02-08T19:32:54.280Z] [32minfo[39m: Server is running on port 5000
[2024-02-08T19:32:56.906Z] [32minfo[39m: Request came for search
[2024-02-08T19:33:11.060Z] [32minfo[39m: Connected to the database
[2024-02-08T19:33:24.312Z] [32minfo[39m: Request came for search
[2024-02-08T19:34:06.994Z] [32minfo[39m: Request came for search
[2024-02-08T19:41:55.338Z] [32minfo[39m: Server is running on port 5000
[2024-02-08T19:43:10.459Z] [32minfo[39m: Server is running on port 5000
[2024-02-08T19:43:15.156Z] [32minfo[39m: Server is running on port 5000
[2024-02-08T19:43:27.343Z] [32minfo[39m: Request came for search
[2024-02-08T19:43:44.126Z] [32minfo[39m: Server is running on port 5000
[2024-02-08T19:44:00.823Z] [32minfo[39m: Connected to the database
[2024-02-08T19:44:08.026Z] [32minfo[39m: Request came for search
[2024-02-08T19:45:16.421Z] [32minfo[39m: Server is running on port 5000
[2024-02-08T19:45:20.276Z] [32minfo[39m: Request came for search
[2024-02-08T19:45:26.954Z] [32minfo[39m: Server is running on port 5000
[2024-02-08T19:45:41.129Z] [32minfo[39m: Connected to the database
[2024-02-08T19:45:49.366Z] [32minfo[39m: Request came for search
[2024-02-08T19:46:22.421Z] [32minfo[39m: Server is running on port 5000
[2024-02-08T19:46:23.892Z] [32minfo[39m: Connected to the database
[2024-02-08T19:47:02.753Z] [32minfo[39m: Request came for search
[2024-02-08T19:53:31.813Z] [32minfo[39m: Server is running on port 5000
[2024-02-08T19:53:35.787Z] [32minfo[39m: Server is running on port 5000
[2024-02-08T19:53:38.448Z] [32minfo[39m: Server is running on port 5000
[2024-02-08T19:53:51.736Z] [32minfo[39m: Server is running on port 5000
[2024-02-08T19:54:42.019Z] [32minfo[39m: Server is running on port 5000
[2024-02-08T19:54:45.365Z] [32minfo[39m: Server is running on port 5000
[2024-02-08T19:54:53.241Z] [32minfo[39m: Server is running on port 5000
[2024-02-08T19:55:23.333Z] [32minfo[39m: Server is running on port 5000
[2024-02-08T19:55:24.366Z] [32minfo[39m: Server is running on port 5000
[2024-02-08T19:55:29.187Z] [32minfo[39m: Server is running on port 5000
[2024-02-08T19:55:30.847Z] [32minfo[39m: Server is running on port 5000
[2024-02-08T19:55:33.130Z] [32minfo[39m: Server is running on port 5000
[2024-02-08T19:55:34.033Z] [32minfo[39m: Connected to the database
[2024-02-08T19:56:21.254Z] [32minfo[39m: Server is running on port 5000
[2024-02-08T19:56:25.285Z] [32minfo[39m: Server is running on port 5000
[2024-02-08T19:56:36.625Z] [32minfo[39m: Connected to the database
[2024-02-08T19:58:34.249Z] [32minfo[39m: Server is running on port 5000
[2024-02-08T19:58:36.951Z] [32minfo[39m: Connected to the database
[2024-02-08T19:58:38.580Z] [32minfo[39m: Server is running on port 5000
[2024-02-08T19:58:42.774Z] [32minfo[39m: Server is running on port 5000
[2024-02-08T19:58:43.472Z] [32minfo[39m: Connected to the database
[2024-02-08T19:58:45.093Z] [32minfo[39m: Server is running on port 5000
[2024-02-08T19:58:45.836Z] [32minfo[39m: Connected to the database
[2024-02-08T19:58:47.548Z] [32minfo[39m: Server is running on port 5000
[2024-02-08T19:58:49.294Z] [32minfo[39m: Server is running on port 5000
[2024-02-08T19:58:53.610Z] [32minfo[39m: Server is running on port 5000
[2024-02-08T19:58:56.395Z] [32minfo[39m: Server is running on port 5000
[2024-02-08T19:59:07.171Z] [32minfo[39m: Connected to the database
[2024-02-08T19:59:14.256Z] [32minfo[39m: Server is running on port 5000
[2024-02-08T19:59:28.122Z] [32minfo[39m: Server is running on port 5000
[2024-02-08T19:59:31.567Z] [32minfo[39m: Server is running on port 5000
[2024-02-08T19:59:32.334Z] [32minfo[39m: Connected to the database
[2024-02-08T19:59:44.842Z] [32minfo[39m: Server is running on port 5000
[2024-02-08T19:59:46.832Z] [32minfo[39m: Server is running on port 5000
[2024-02-08T19:59:49.307Z] [32minfo[39m: Server is running on port 5000
[2024-02-08T20:00:01.207Z] [32minfo[39m: Server is running on port 5000
[2024-02-08T20:00:02.750Z] [32minfo[39m: Server is running on port 5000
[2024-02-08T20:00:06.178Z] [32minfo[39m: Server is running on port 5000
[2024-02-08T20:00:08.204Z] [32minfo[39m: Server is running on port 5000
[2024-02-08T20:00:10.558Z] [32minfo[39m: Server is running on port 5000
[2024-02-08T20:00:12.928Z] [32minfo[39m: Server is running on port 5000
[2024-02-08T20:00:17.299Z] [32minfo[39m: Server is running on port 5000
[2024-02-08T20:00:20.538Z] [32minfo[39m: Server is running on port 5000
[2024-02-08T20:00:23.508Z] [32minfo[39m: Server is running on port 5000
[2024-02-08T20:00:26.058Z] [32minfo[39m: Server is running on port 5000
[2024-02-08T20:00:26.547Z] [32minfo[39m: Connected to the database
[2024-02-08T20:00:28.524Z] [32minfo[39m: Server is running on port 5000
[2024-02-08T20:00:32.366Z] [32minfo[39m: Server is running on port 5000
[2024-02-08T20:00:33.488Z] [32minfo[39m: Server is running on port 5000
[2024-02-08T20:00:34.256Z] [32minfo[39m: Connected to the database
[2024-02-08T20:00:36.835Z] [32minfo[39m: Server is running on port 5000
[2024-02-08T20:00:38.268Z] [32minfo[39m: Server is running on port 5000
[2024-02-08T20:00:44.342Z] [32minfo[39m: Server is running on port 5000
[2024-02-08T20:00:46.643Z] [32minfo[39m: Server is running on port 5000
[2024-02-08T20:00:57.762Z] [32minfo[39m: Server is running on port 5000
[2024-02-08T20:01:02.868Z] [32minfo[39m: Server is running on port 5000
[2024-02-08T20:01:04.910Z] [32minfo[39m: Server is running on port 5000
[2024-02-08T20:01:05.368Z] [32minfo[39m: Connected to the database
[2024-02-08T20:01:11.986Z] [32minfo[39m: Server is running on port 5000
[2024-02-08T20:01:13.040Z] [32minfo[39m: Connected to the database
[2024-02-08T20:01:37.794Z] [32minfo[39m: Server is running on port 5000
[2024-02-08T20:01:45.523Z] [32minfo[39m: Server is running on port 5000
[2024-02-08T20:01:52.606Z] [32minfo[39m: Server is running on port 5000
[2024-02-08T20:01:54.069Z] [32minfo[39m: Connected to the database
[2024-02-08T20:02:03.847Z] [32minfo[39m: Server is running on port 5000
[2024-02-08T20:02:12.609Z] [32minfo[39m: Server is running on port 5000
[2024-02-08T20:02:22.460Z] [32minfo[39m: Server is running on port 5000
[2024-02-08T20:02:29.559Z] [32minfo[39m: Connected to the database
[2024-02-08T20:02:45.879Z] [32minfo[39m: Request came for search
[2024-02-08T20:03:32.613Z] [32minfo[39m: Server is running on port 5000
[2024-02-08T20:03:38.089Z] [32minfo[39m: Server is running on port 5000
[2024-02-08T20:03:42.077Z] [32minfo[39m: Server is running on port 5000
[2024-02-08T20:03:43.102Z] [32minfo[39m: Request came for search
[2024-02-08T20:03:53.118Z] [31merror[39m: Operation `users.find()` buffering timed out after 10000ms
[2024-02-08T20:03:55.711Z] [32minfo[39m: Connected to the database
[2024-02-08T20:03:59.542Z] [32minfo[39m: Request came for search
[2024-02-08T20:04:16.500Z] [32minfo[39m: Server is running on port 5000
[2024-02-08T20:04:23.885Z] [32minfo[39m: Server is running on port 5000
[2024-02-08T20:04:30.188Z] [32minfo[39m: Server is running on port 5000
[2024-02-08T20:04:33.600Z] [32minfo[39m: Server is running on port 5000
[2024-02-08T20:04:40.134Z] [32minfo[39m: Server is running on port 5000
[2024-02-08T20:04:41.885Z] [32minfo[39m: Connected to the database
[2024-02-08T20:04:44.536Z] [32minfo[39m: Request came for search
[2024-02-08T20:04:58.806Z] [32minfo[39m: Server is running on port 5000
[2024-02-08T20:05:02.421Z] [32minfo[39m: Request came for search
[2024-02-08T20:05:03.413Z] [32minfo[39m: Connected to the database
[2024-02-08T20:05:17.472Z] [32minfo[39m: Server is running on port 5000
[2024-02-08T20:05:23.403Z] [32minfo[39m: Server is running on port 5000
[2024-02-08T20:05:29.023Z] [32minfo[39m: Server is running on port 5000
[2024-02-08T20:05:29.761Z] [32minfo[39m: Connected to the database
[2024-02-08T20:05:32.341Z] [32minfo[39m: Server is running on port 5000
[2024-02-08T20:05:33.221Z] [32minfo[39m: Request came for search
[2024-02-08T20:05:43.232Z] [31merror[39m: Operation `users.find()` buffering timed out after 10000ms
[2024-02-08T20:05:46.054Z] [32minfo[39m: Request came for search
[2024-02-08T20:05:57.380Z] [32minfo[39m: Server is running on port 5000
[2024-02-08T20:06:05.902Z] [32minfo[39m: Request came for search
[2024-02-08T20:06:15.909Z] [31merror[39m: Operation `users.find()` buffering timed out after 10000ms
[2024-02-08T20:06:22.668Z] [32minfo[39m: Server is running on port 5000
[2024-02-08T20:06:23.336Z] [32minfo[39m: Connected to the database
[2024-02-08T20:06:47.779Z] [32minfo[39m: Request came for search
[2024-02-08T20:07:12.706Z] [32minfo[39m: Server is running on port 5000
[2024-02-08T20:07:14.313Z] [32minfo[39m: Server is running on port 5000
[2024-02-08T20:07:18.042Z] [32minfo[39m: Request came for search
[2024-02-08T20:07:21.698Z] [32minfo[39m: Connected to the database
[2024-02-08T20:07:41.554Z] [32minfo[39m: Request came for search
[2024-02-08T20:08:32.181Z] [32minfo[39m: Server is running on port 5000
[2024-02-08T20:09:02.244Z] [32minfo[39m: Request came for search
[2024-02-08T20:09:12.259Z] [31merror[39m: Operation `users.find()` buffering timed out after 10000ms
[2024-02-08T20:09:21.464Z] [32minfo[39m: Server is running on port 5000
[2024-02-08T20:09:38.056Z] [32minfo[39m: Connected to the database
[2024-02-08T20:09:39.978Z] [32minfo[39m: Request came for search
[2024-02-08T20:14:49.840Z] [32minfo[39m: Server is running on port 5000
[2024-02-08T20:14:52.721Z] [32minfo[39m: Server is running on port 5000
[2024-02-08T20:14:54.596Z] [32minfo[39m: Connected to the database
[2024-02-08T20:15:03.256Z] [32minfo[39m: Request came for search
[2024-02-08T20:15:03.289Z] [31merror[39m: select cannot be used with distinct
[2024-02-08T20:15:10.084Z] [32minfo[39m: Server is running on port 5000
[2024-02-08T20:15:13.762Z] [32minfo[39m: Connected to the database
[2024-02-08T20:15:16.915Z] [32minfo[39m: Request came for search
[2024-02-08T20:15:16.945Z] [31merror[39m: select cannot be used with distinct
[2024-02-08T20:15:29.196Z] [32minfo[39m: Server is running on port 5000
[2024-02-08T20:15:34.106Z] [32minfo[39m: Request came for search
[2024-02-08T20:15:41.915Z] [32minfo[39m: Server is running on port 5000
[2024-02-08T20:15:50.504Z] [32minfo[39m: Connected to the database
[2024-02-08T20:15:54.341Z] [32minfo[39m: Request came for search
[2024-02-08T20:16:45.026Z] [32minfo[39m: Server is running on port 5000
[2024-02-08T20:16:47.149Z] [32minfo[39m: Server is running on port 5000
[2024-02-08T20:16:47.733Z] [32minfo[39m: Connected to the database
[2024-02-08T20:16:48.675Z] [32minfo[39m: Server is running on port 5000
[2024-02-08T20:16:54.695Z] [32minfo[39m: Server is running on port 5000
[2024-02-08T20:16:55.959Z] [32minfo[39m: Connected to the database
[2024-02-08T20:17:00.418Z] [32minfo[39m: Request came for search
[2024-02-08T20:17:19.360Z] [32minfo[39m: Server is running on port 5000
[2024-02-08T20:17:22.841Z] [32minfo[39m: Server is running on port 5000
[2024-02-08T20:17:30.134Z] [32minfo[39m: Connected to the database
[2024-02-08T20:17:37.938Z] [32minfo[39m: Request came for search
[2024-02-09T09:56:02.748Z] [32minfo[39m: Server is running on port 5000
[2024-02-09T09:56:20.934Z] [32minfo[39m: Connected to the database
[2024-02-09T09:58:00.402Z] [32minfo[39m: Request came for getting user
[2024-02-09T09:58:47.669Z] [32minfo[39m: Request came for login
[2024-02-09T09:58:53.436Z] [32minfo[39m: Inside restrict middleware
[2024-02-09T09:58:53.509Z] [32minfo[39m: Inside allowOnlyShops middleware
[2024-02-09T09:58:53.510Z] [32minfo[39m: Request came for getting menu
[2024-02-09T09:59:36.749Z] [32minfo[39m: Inside restrict middleware
[2024-02-09T09:59:36.813Z] [32minfo[39m: Inside allowOnlyShops middleware
[2024-02-09T09:59:36.814Z] [32minfo[39m: Request came for getting menu
[2024-02-09T09:59:38.558Z] [32minfo[39m: Inside restrict middleware
[2024-02-09T09:59:38.618Z] [32minfo[39m: Inside allowOnlyShops middleware
[2024-02-09T09:59:38.619Z] [32minfo[39m: Request came for getting menu
[2024-02-09T09:59:42.381Z] [32minfo[39m: Request came for getting user
[2024-02-09T09:59:54.707Z] [32minfo[39m: Request came for login
[2024-02-09T10:05:13.272Z] [32minfo[39m: Request came for getting user
[2024-02-09T10:05:15.270Z] [32minfo[39m: Request came for getting user
[2024-02-09T10:22:26.399Z] [32minfo[39m: Request came for getting user
[2024-02-09T10:24:56.221Z] [32minfo[39m: Request came for search
[2024-02-09T10:24:58.694Z] [32minfo[39m: Request came for getting user
[2024-02-09T10:25:36.920Z] [32minfo[39m: Request came for search
[2024-02-09T10:25:53.594Z] [32minfo[39m: Request came for search
[2024-02-09T10:26:16.658Z] [32minfo[39m: Request came for getting user
[2024-02-09T10:26:19.956Z] [32minfo[39m: Request came for search
[2024-02-09T10:26:59.260Z] [32minfo[39m: Request came for search
[2024-02-09T10:27:01.168Z] [32minfo[39m: Request came for search
[2024-02-09T10:27:03.298Z] [32minfo[39m: Request came for search
[2024-02-09T10:27:03.768Z] [32minfo[39m: Request came for search
[2024-02-09T10:27:03.964Z] [32minfo[39m: Request came for search
[2024-02-09T10:27:04.181Z] [32minfo[39m: Request came for search
[2024-02-09T10:27:06.240Z] [32minfo[39m: Request came for search
[2024-02-09T10:42:25.450Z] [32minfo[39m: Request came for login
[2024-02-09T10:42:29.390Z] [32minfo[39m: Request came for getting user
[2024-02-09T10:42:32.782Z] [32minfo[39m: Request came for search
[2024-02-09T10:42:36.338Z] [32minfo[39m: Request came for search
[2024-02-09T10:42:37.650Z] [32minfo[39m: Request came for search
[2024-02-09T10:42:41.345Z] [32minfo[39m: Request came for search
[2024-02-09T10:42:47.357Z] [32minfo[39m: Request came for search
[2024-02-09T10:42:51.940Z] [32minfo[39m: Request came for search
[2024-02-09T10:42:56.877Z] [32minfo[39m: Request came for search
[2024-02-09T10:43:00.963Z] [32minfo[39m: Request came for search
[2024-02-09T10:43:04.063Z] [32minfo[39m: Request came for search
[2024-02-09T10:48:38.702Z] [32minfo[39m: Server is running on port 5000
[2024-02-09T10:48:39.966Z] [32minfo[39m: Request came for search
[2024-02-09T10:48:49.986Z] [31merror[39m: Operation `users.find()` buffering timed out after 10000ms
[2024-02-09T10:49:10.714Z] [32minfo[39m: Connected to the database
[2024-02-09T10:49:42.381Z] [32minfo[39m: Request came for search
[2024-02-09T10:49:42.508Z] [31merror[39m: select cannot be used with distinct
[2024-02-09T10:52:48.130Z] [32minfo[39m: Server is running on port 5000
[2024-02-09T10:52:49.931Z] [32minfo[39m: Server is running on port 5000
[2024-02-09T10:52:59.009Z] [32minfo[39m: Server is running on port 5000
[2024-02-09T10:53:05.714Z] [32minfo[39m: Server is running on port 5000
[2024-02-09T10:53:40.465Z] [32minfo[39m: Server is running on port 5000
[2024-02-09T10:53:53.837Z] [32minfo[39m: Connected to the database
[2024-02-09T10:53:56.790Z] [32minfo[39m: Request came for search
[2024-02-09T10:54:20.193Z] [32minfo[39m: Server is running on port 5000
[2024-02-09T10:54:23.877Z] [32minfo[39m: Request came for search
[2024-02-09T10:54:26.353Z] [32minfo[39m: Connected to the database
[2024-02-09T10:54:36.530Z] [32minfo[39m: Server is running on port 5000
[2024-02-09T10:54:37.589Z] [32minfo[39m: Server is running on port 5000
[2024-02-09T10:54:44.211Z] [32minfo[39m: Request came for search
[2024-02-09T10:54:52.003Z] [32minfo[39m: Connected to the database
[2024-02-09T10:54:55.619Z] [32minfo[39m: Request came for search
[2024-02-09T10:54:55.788Z] [32minfo[39m: Request came for search
[2024-02-09T10:54:55.979Z] [32minfo[39m: Request came for search
[2024-02-09T10:54:56.161Z] [32minfo[39m: Request came for search
[2024-02-09T10:54:56.358Z] [32minfo[39m: Request came for search
[2024-02-09T10:55:13.618Z] [32minfo[39m: Server is running on port 5000
[2024-02-09T10:55:17.852Z] [32minfo[39m: Server is running on port 5000
[2024-02-09T10:55:46.434Z] [32minfo[39m: Connected to the database
[2024-02-09T10:55:54.655Z] [32minfo[39m: Request came for login
[2024-02-09T10:55:56.086Z] [32minfo[39m: Request came for getting user
[2024-02-09T10:56:05.358Z] [32minfo[39m: Request came for search
[2024-02-09T10:56:21.168Z] [32minfo[39m: Request came for search
[2024-02-09T10:56:42.017Z] [32minfo[39m: Server is running on port 5000
[2024-02-09T10:56:53.605Z] [32minfo[39m: Connected to the database
[2024-02-10T13:53:28.521Z] [32minfo[39m: Server is running on port 5000
[2024-02-10T13:55:21.003Z] [31merror[39m: querySrv ETIMEOUT _mongodb._tcp.cluster0.aysqpl1.mongodb.net
[2024-02-10T13:56:47.892Z] [32minfo[39m: Request came for getting user
[2024-02-10T13:56:58.980Z] [31merror[39m: Operation `users.findOne()` buffering timed out after 10000ms
[2024-02-10T13:57:10.499Z] [32minfo[39m: Request came for login
[2024-02-10T13:57:17.934Z] [32minfo[39m: Request came for login
[2024-02-10T13:57:20.502Z] [31merror[39m: Operation `users.findOne()` buffering timed out after 10000ms
[2024-02-10T13:57:27.940Z] [31merror[39m: Operation `users.findOne()` buffering timed out after 10000ms
[2024-02-10T13:57:33.690Z] [32minfo[39m: Request came for getting user
[2024-02-10T13:57:42.240Z] [32minfo[39m: Request came for login
[2024-02-10T13:57:43.693Z] [31merror[39m: Operation `users.findOne()` buffering timed out after 10000ms
[2024-02-10T13:57:52.244Z] [31merror[39m: Operation `users.findOne()` buffering timed out after 10000ms
[2024-02-10T13:58:19.263Z] [32minfo[39m: Server is running on port 5000
[2024-02-10T13:58:21.077Z] [32minfo[39m: Connected to the database
[2024-02-10T13:58:24.419Z] [32minfo[39m: Request came for login
[2024-02-10T13:58:31.453Z] [32minfo[39m: Request came for search
[2024-02-10T13:58:37.274Z] [32minfo[39m: Request came for search
[2024-02-10T13:58:49.104Z] [32minfo[39m: Request came for getting user
[2024-02-10T13:58:51.896Z] [32minfo[39m: Request came for getting user
[2024-02-10T13:58:52.614Z] [32minfo[39m: Request came for getting user
[2024-02-10T13:59:08.021Z] [32minfo[39m: Request came for getting user
[2024-02-10T13:59:23.481Z] [32minfo[39m: Request came for login
[2024-02-10T13:59:28.921Z] [31merror[39m: getaddrinfo ENOTFOUND ac-waun7nn-shard-00-00.aysqpl1.mongodb.net
[2024-02-10T13:59:38.037Z] [31merror[39m: getaddrinfo ENOTFOUND ac-waun7nn-shard-00-00.aysqpl1.mongodb.net
[2024-02-10T13:59:38.339Z] [31merror[39m: getaddrinfo ENOTFOUND ac-waun7nn-shard-00-00.aysqpl1.mongodb.net
[2024-02-10T13:59:42.950Z] [31merror[39m: getaddrinfo ENOTFOUND ac-waun7nn-shard-00-00.aysqpl1.mongodb.net
[2024-02-10T13:59:43.674Z] [31merror[39m: getaddrinfo ENOTFOUND ac-waun7nn-shard-00-00.aysqpl1.mongodb.net
[2024-02-10T13:59:53.488Z] [31merror[39m: getaddrinfo ENOTFOUND ac-waun7nn-shard-00-00.aysqpl1.mongodb.net
[2024-02-10T14:01:47.036Z] [32minfo[39m: Request came for login
[2024-02-10T14:02:07.654Z] [32minfo[39m: Request came for search
[2024-02-10T14:04:04.120Z] [32minfo[39m: Request came for login
[2024-02-10T14:04:05.905Z] [32minfo[39m: Request came for getting user
[2024-02-10T14:04:16.827Z] [32minfo[39m: Request came for search
[2024-02-10T14:04:47.506Z] [32minfo[39m: Server is running on port 5000
[2024-02-10T14:04:48.691Z] [32minfo[39m: Connected to the database
[2024-02-10T14:05:10.200Z] [32minfo[39m: Request came for search
[2024-02-10T14:11:36.790Z] [32minfo[39m: Request came for getting user
[2024-02-10T14:11:57.283Z] [32minfo[39m: Request came for getting user
[2024-02-10T14:13:46.108Z] [32minfo[39m: Request came for getting user
[2024-02-10T14:13:50.099Z] [32minfo[39m: Request came for getting user
[2024-02-10T14:13:52.101Z] [32minfo[39m: Request came for getting user
[2024-02-10T14:13:55.099Z] [32minfo[39m: Request came for getting user
[2024-02-10T14:13:58.110Z] [32minfo[39m: Request came for getting user
[2024-02-10T14:14:04.031Z] [32minfo[39m: Request came for getting user
[2024-02-10T14:14:15.851Z] [32minfo[39m: Request came for search
[2024-02-10T14:14:19.344Z] [32minfo[39m: Request came for search
[2024-02-10T14:14:28.808Z] [32minfo[39m: Request came for search
[2024-02-10T14:21:15.619Z] [32minfo[39m: Request came for getting user
[2024-02-10T14:21:52.849Z] [32minfo[39m: Request came for getting user
[2024-02-10T14:22:01.766Z] [32minfo[39m: Request came for getting user
[2024-02-10T14:22:11.953Z] [32minfo[39m: Request came for getting user
[2024-02-10T14:22:38.485Z] [32minfo[39m: Request came for getting user
[2024-02-10T14:22:56.867Z] [32minfo[39m: Request came for getting user
[2024-02-10T14:23:05.162Z] [32minfo[39m: Request came for getting user
[2024-02-10T14:23:30.744Z] [32minfo[39m: Request came for getting user
[2024-02-10T14:23:55.445Z] [32minfo[39m: Request came for getting user
[2024-02-10T14:24:44.540Z] [32minfo[39m: Request came for getting user
[2024-02-10T14:24:56.450Z] [32minfo[39m: Request came for getting user
[2024-02-10T14:27:35.940Z] [32minfo[39m: Request came for getting user
[2024-02-10T14:28:28.621Z] [32minfo[39m: Request came for getting user
[2024-02-10T14:28:38.917Z] [32minfo[39m: Request came for getting user
[2024-02-10T14:29:33.754Z] [32minfo[39m: Request came for search
[2024-02-10T14:29:36.677Z] [32minfo[39m: Request came for search
[2024-02-10T14:35:45.834Z] [32minfo[39m: Request came for getting user
[2024-02-10T14:37:48.413Z] [32minfo[39m: Request came for getting user
[2024-02-10T14:39:25.702Z] [32minfo[39m: Request came for getting user
[2024-02-10T14:39:44.984Z] [32minfo[39m: Request came for getting user
[2024-02-10T14:39:50.046Z] [32minfo[39m: Request came for getting user
[2024-02-10T14:40:14.974Z] [32minfo[39m: Request came for getting user
[2024-02-10T14:40:32.513Z] [32minfo[39m: Request came for getting user
[2024-02-10T14:41:07.583Z] [32minfo[39m: Request came for getting user
[2024-02-10T14:42:20.680Z] [32minfo[39m: Request came for getting user
[2024-02-10T14:42:38.869Z] [32minfo[39m: Request came for getting user
[2024-02-10T14:43:26.526Z] [32minfo[39m: Request came for getting user
[2024-02-10T14:43:40.280Z] [32minfo[39m: Request came for getting user
[2024-02-10T14:44:20.711Z] [32minfo[39m: Request came for getting user
[2024-02-10T14:44:26.070Z] [32minfo[39m: Request came for getting user
[2024-02-10T14:45:14.823Z] [32minfo[39m: Request came for search
[2024-02-10T14:46:18.588Z] [32minfo[39m: Server is running on port 5000
[2024-02-10T14:46:20.255Z] [32minfo[39m: Server is running on port 5000
[2024-02-10T14:46:21.309Z] [32minfo[39m: Connected to the database
[2024-02-10T14:46:29.366Z] [32minfo[39m: Server is running on port 5000
[2024-02-10T14:46:30.735Z] [32minfo[39m: Connected to the database
[2024-02-10T14:46:31.745Z] [32minfo[39m: Server is running on port 5000
[2024-02-10T14:46:32.758Z] [32minfo[39m: Connected to the database
[2024-02-10T14:46:37.098Z] [32minfo[39m: Server is running on port 5000
[2024-02-10T14:46:38.357Z] [32minfo[39m: Connected to the database
[2024-02-10T15:15:07.722Z] [32minfo[39m: Server is running on port 5000
[2024-02-10T15:15:07.733Z] [31merror[39m: querySrv ECONNREFUSED _mongodb._tcp.cluster0.aysqpl1.mongodb.net
[2024-02-10T15:15:09.230Z] [32minfo[39m: Server is running on port 5000
[2024-02-10T15:15:09.238Z] [31merror[39m: querySrv ECONNREFUSED _mongodb._tcp.cluster0.aysqpl1.mongodb.net
[2024-02-10T15:18:36.064Z] [32minfo[39m: Request came for getting user
[2024-02-10T15:18:38.040Z] [32minfo[39m: Request came for getting user
[2024-02-10T15:18:39.532Z] [32minfo[39m: Request came for getting user
[2024-02-10T15:18:39.953Z] [32minfo[39m: Request came for getting user
[2024-02-10T15:18:40.137Z] [32minfo[39m: Request came for getting user
[2024-02-10T15:18:40.325Z] [32minfo[39m: Request came for getting user
[2024-02-10T15:18:46.086Z] [31merror[39m: Operation `users.findOne()` buffering timed out after 10000ms
[2024-02-10T15:18:48.052Z] [31merror[39m: Operation `users.findOne()` buffering timed out after 10000ms
[2024-02-10T15:18:49.552Z] [31merror[39m: Operation `users.findOne()` buffering timed out after 10000ms
[2024-02-10T15:18:49.958Z] [31merror[39m: Operation `users.findOne()` buffering timed out after 10000ms
[2024-02-10T15:18:50.151Z] [31merror[39m: Operation `users.findOne()` buffering timed out after 10000ms
[2024-02-10T15:18:50.335Z] [31merror[39m: Operation `users.findOne()` buffering timed out after 10000ms
[2024-02-10T15:18:57.439Z] [32minfo[39m: Request came for getting user
[2024-02-10T15:19:07.458Z] [31merror[39m: Operation `users.findOne()` buffering timed out after 10000ms
[2024-02-10T15:21:28.672Z] [32minfo[39m: Request came for getting user
[2024-02-10T15:21:30.211Z] [32minfo[39m: Request came for getting user
[2024-02-10T15:21:30.441Z] [32minfo[39m: Request came for getting user
[2024-02-10T15:21:30.620Z] [32minfo[39m: Request came for getting user
[2024-02-10T15:21:30.774Z] [32minfo[39m: Request came for getting user
[2024-02-10T15:21:38.689Z] [31merror[39m: Operation `users.findOne()` buffering timed out after 10000ms
[2024-02-10T15:21:40.221Z] [31merror[39m: Operation `users.findOne()` buffering timed out after 10000ms
[2024-02-10T15:21:40.458Z] [31merror[39m: Operation `users.findOne()` buffering timed out after 10000ms
[2024-02-10T15:21:40.630Z] [31merror[39m: Operation `users.findOne()` buffering timed out after 10000ms
[2024-02-10T15:21:40.789Z] [31merror[39m: Operation `users.findOne()` buffering timed out after 10000ms
[2024-02-10T15:21:51.496Z] [32minfo[39m: Request came for getting user
[2024-02-10T15:22:00.750Z] [32minfo[39m: Request came for getting user
[2024-02-10T15:22:01.500Z] [31merror[39m: Operation `users.findOne()` buffering timed out after 10000ms
[2024-02-10T15:22:21.503Z] [32minfo[39m: Server is running on port 5000
[2024-02-10T15:22:50.061Z] [32minfo[39m: Server is running on port 5000
[2024-02-10T15:25:26.933Z] [31merror[39m: queryTxt ETIMEOUT cluster0.aysqpl1.mongodb.net
[2024-02-10T15:28:29.518Z] [32minfo[39m: Request came for getting user
[2024-02-10T15:28:49.588Z] [32minfo[39m: Server is running on port 5000
[2024-02-10T15:29:08.972Z] [32minfo[39m: Connected to the database
[2024-02-10T15:36:06.746Z] [32minfo[39m: Server is running on port 5000
[2024-02-10T15:36:07.497Z] [32minfo[39m: Connected to the database
[2024-02-10T15:36:09.626Z] [32minfo[39m: Server is running on port 5000
[2024-02-10T15:36:10.476Z] [32minfo[39m: Connected to the database
[2024-02-10T15:36:22.121Z] [32minfo[39m: Server is running on port 5000
[2024-02-10T15:36:30.572Z] [32minfo[39m: Server is running on port 5000
[2024-02-10T15:36:37.144Z] [32minfo[39m: Connected to the database
[2024-02-10T15:36:44.447Z] [32minfo[39m: Server is running on port 5000
[2024-02-10T15:37:00.008Z] [32minfo[39m: Server is running on port 5000
[2024-02-10T15:37:05.953Z] [32minfo[39m: Request came for getting user
[2024-02-10T15:37:11.949Z] [32minfo[39m: Connected to the database
[2024-02-10T15:37:14.215Z] [32minfo[39m: Server is running on port 5000
[2024-02-10T15:37:14.231Z] [32minfo[39m: Request came for getting user
[2024-02-10T15:37:26.878Z] [32minfo[39m: Server is running on port 5000
[2024-02-10T15:37:27.694Z] [32minfo[39m: Connected to the database
[2024-02-10T15:37:31.697Z] [32minfo[39m: Request came for getting user
[2024-02-10T15:37:35.504Z] [32minfo[39m: Request came for search
[2024-02-10T15:37:39.828Z] [32minfo[39m: Request came for search
[2024-02-10T15:45:18.787Z] [32minfo[39m: Server is running on port 5000
[2024-02-10T15:45:18.802Z] [31merror[39m: querySrv ECONNREFUSED _mongodb._tcp.cluster0.aysqpl1.mongodb.net
[2024-02-10T15:45:32.060Z] [32minfo[39m: Server is running on port 5000
[2024-02-10T15:45:38.048Z] [32minfo[39m: Server is running on port 5000
[2024-02-10T15:45:40.947Z] [32minfo[39m: Server is running on port 5000
[2024-02-10T15:45:48.199Z] [32minfo[39m: Connected to the database
[2024-02-10T15:45:51.516Z] [32minfo[39m: Server is running on port 5000
[2024-02-10T15:45:54.178Z] [32minfo[39m: Connected to the database
[2024-02-10T15:46:52.398Z] [32minfo[39m: Server is running on port 5000
[2024-02-10T15:46:53.555Z] [32minfo[39m: Connected to the database
[2024-02-10T15:46:57.741Z] [32minfo[39m: Server is running on port 5000
[2024-02-10T15:47:01.432Z] [32minfo[39m: Server is running on port 5000
[2024-02-10T15:47:04.615Z] [32minfo[39m: Server is running on port 5000
[2024-02-10T15:47:26.263Z] [32minfo[39m: Server is running on port 5000
[2024-02-10T15:47:40.919Z] [32minfo[39m: Connected to the database
[2024-02-10T15:50:51.875Z] [32minfo[39m: Request came for shops
[2024-02-10T15:51:23.745Z] [32minfo[39m: Request came for shops
[2024-02-10T15:51:40.460Z] [32minfo[39m: Request came for items of shop wiith ID = 65b922da44f066af7d285ffc
[2024-02-10T15:54:02.632Z] [32minfo[39m: Request came for search
[2024-02-10T15:54:12.370Z] [32minfo[39m: Request came for search
[2024-02-10T16:09:34.758Z] [32minfo[39m: Request came for search
[2024-02-10T16:09:42.142Z] [32minfo[39m: Request came for search
[2024-02-10T16:09:42.155Z] [32minfo[39m: Request came for search
[2024-02-10T16:09:42.257Z] [32minfo[39m: Request came for search
[2024-02-10T16:09:57.601Z] [32minfo[39m: Request came for search
[2024-02-10T16:10:04.833Z] [32minfo[39m: Request came for search
[2024-02-10T16:10:09.235Z] [32minfo[39m: Request came for search
[2024-02-10T16:10:31.592Z] [32minfo[39m: Request came for items of shop wiith ID = 65b9252f955f9046292ca2df
[2024-02-10T16:10:32.410Z] [32minfo[39m: Request came for items of shop wiith ID = 65b92567955f9046292ca2e1
[2024-02-10T16:10:39.304Z] [32minfo[39m: Request came for search
[2024-02-10T16:10:55.866Z] [32minfo[39m: Request came for search
[2024-02-10T16:10:58.604Z] [32minfo[39m: Request came for search
[2024-02-10T16:11:17.819Z] [32minfo[39m: Request came for search
[2024-02-10T16:12:42.958Z] [32minfo[39m: Request came for search
[2024-02-10T16:12:51.305Z] [32minfo[39m: Request came for search
[2024-02-10T16:13:00.808Z] [32minfo[39m: Request came for search
[2024-02-10T16:13:09.945Z] [32minfo[39m: Request came for items of shop wiith ID = 65b92567955f9046292ca2e1
[2024-02-10T16:13:13.198Z] [32minfo[39m: Request came for shops
[2024-02-10T16:13:19.997Z] [32minfo[39m: Request came for items of shop wiith ID = 65b92567955f9046292ca2e1
[2024-02-10T16:13:23.973Z] [32minfo[39m: Request came for shops
[2024-02-10T16:14:09.284Z] [31merror[39m: getaddrinfo ENOTFOUND ac-waun7nn-shard-00-02.aysqpl1.mongodb.net
[2024-02-10T16:14:13.237Z] [31merror[39m: getaddrinfo ENOTFOUND ac-waun7nn-shard-00-02.aysqpl1.mongodb.net
[2024-02-10T16:18:37.528Z] [32minfo[39m: Server is running on port 5000
[2024-02-10T16:18:53.411Z] [32minfo[39m: Request came for login
[2024-02-10T16:19:03.425Z] [31merror[39m: Operation `users.findOne()` buffering timed out after 10000ms
[2024-02-10T16:19:08.927Z] [32minfo[39m: Server is running on port 5000
[2024-02-10T16:20:17.168Z] [32minfo[39m: Server is running on port 5000
[2024-02-10T16:20:28.908Z] [32minfo[39m: Server is running on port 5000
[2024-02-10T16:20:32.605Z] [32minfo[39m: Connected to the database
[2024-02-10T16:20:37.935Z] [32minfo[39m: Request came for getting user
[2024-02-10T16:20:41.833Z] [32minfo[39m: Request came for search
[2024-02-10T16:20:51.109Z] [32minfo[39m: Request came for search
[2024-02-10T16:20:55.078Z] [32minfo[39m: Request came for search
[2024-02-10T16:21:00.749Z] [32minfo[39m: Request came for items of shop wiith ID = 65b922da44f066af7d285ffc
[2024-02-10T16:21:49.997Z] [31merror[39m: getaddrinfo ENOTFOUND ac-waun7nn-shard-00-00.aysqpl1.mongodb.net
[2024-02-11T07:19:58.398Z] [32minfo[39m: Server is running on port 5000
[2024-02-11T07:20:31.562Z] [32minfo[39m: Connected to the database
[2024-02-11T07:22:26.287Z] [32minfo[39m: Request came for getting user
[2024-02-11T07:26:46.319Z] [32minfo[39m: Request came for login
[2024-02-11T07:27:11.885Z] [32minfo[39m: Request came for login
[2024-02-11T07:27:38.597Z] [32minfo[39m: Request came for search
[2024-02-11T07:27:47.466Z] [32minfo[39m: Request came for search
[2024-02-11T07:27:50.533Z] [32minfo[39m: Request came for search
[2024-02-11T07:29:22.911Z] [32minfo[39m: Request came for items of shop wiith ID = 65b92567955f9046292ca2e1
[2024-02-11T07:29:52.016Z] [32minfo[39m: Request came for items of shop wiith ID = 65b92567955f9046292ca2e1
[2024-02-11T07:30:12.029Z] [32minfo[39m: Request came for shops
[2024-02-11T07:30:17.515Z] [32minfo[39m: Request came for shops
[2024-02-11T07:30:24.261Z] [32minfo[39m: Request came for search
[2024-02-11T07:30:25.869Z] [32minfo[39m: Request came for items of shop wiith ID = 65b922da44f066af7d285ffc
[2024-02-11T07:31:09.541Z] [32minfo[39m: Request came for search
[2024-02-11T07:31:15.250Z] [32minfo[39m: Request came for shops
[2024-02-11T07:40:08.935Z] [32minfo[39m: Request came for getting user
[2024-02-11T07:40:15.800Z] [32minfo[39m: Request came for getting user
[2024-02-11T07:40:20.073Z] [32minfo[39m: Request came for getting user
[2024-02-11T07:40:26.130Z] [32minfo[39m: Request came for search
[2024-02-11T07:40:31.760Z] [32minfo[39m: Request came for shops
[2024-02-11T07:41:59.619Z] [32minfo[39m: Request came for getting user
[2024-02-11T07:42:02.967Z] [32minfo[39m: Request came for items of shop wiith ID = 65b922da44f066af7d285ffc
[2024-02-11T07:42:04.161Z] [32minfo[39m: Request came for items of shop wiith ID = 65b92510955f9046292ca2dd
[2024-02-11T07:42:17.374Z] [32minfo[39m: Request came for items of shop wiith ID = 65b92510955f9046292ca2dd
[2024-02-11T07:42:24.044Z] [32minfo[39m: Request came for items of shop wiith ID = 65b922da44f066af7d285ffc
[2024-02-11T07:42:24.761Z] [32minfo[39m: Request came for items of shop wiith ID = 65b922da44f066af7d285ffc
[2024-02-11T07:42:25.322Z] [32minfo[39m: Request came for items of shop wiith ID = 65b922da44f066af7d285ffc
[2024-02-11T07:42:29.036Z] [32minfo[39m: Request came for items of shop wiith ID = 65b922da44f066af7d285ffc
[2024-02-11T07:42:35.552Z] [32minfo[39m: Request came for getting user
[2024-02-11T07:42:43.306Z] [32minfo[39m: Request came for search
[2024-02-11T07:42:49.081Z] [32minfo[39m: Request came for search
[2024-02-11T07:42:56.480Z] [32minfo[39m: Request came for shops
[2024-02-11T07:43:01.016Z] [32minfo[39m: Request came for items of shop wiith ID = 65b92510955f9046292ca2dd
[2024-02-11T07:43:03.950Z] [32minfo[39m: Request came for items of shop wiith ID = 65b922da44f066af7d285ffc
[2024-02-11T07:44:07.192Z] [32minfo[39m: Request came for items of shop wiith ID = 65b922da44f066af7d285ffc
[2024-02-11T07:44:11.099Z] [32minfo[39m: Request came for items of shop wiith ID = 65b92510955f9046292ca2dd
[2024-02-11T07:44:47.750Z] [32minfo[39m: Request came for items of shop wiith ID = 65b922da44f066af7d285ffc
[2024-02-11T07:44:54.652Z] [32minfo[39m: Request came for items of shop wiith ID = 65b92510955f9046292ca2dd
[2024-02-11T07:44:56.406Z] [32minfo[39m: Request came for items of shop wiith ID = 65b92510955f9046292ca2dd
[2024-02-11T07:45:06.326Z] [32minfo[39m: Request came for search
[2024-02-11T07:45:10.632Z] [32minfo[39m: Request came for search
[2024-02-11T07:45:13.985Z] [32minfo[39m: Request came for shops
[2024-02-11T07:45:16.175Z] [32minfo[39m: Request came for items of shop wiith ID = 65b92510955f9046292ca2dd
[2024-02-11T07:46:43.987Z] [32minfo[39m: Request came for getting user
[2024-02-11T07:46:52.065Z] [32minfo[39m: Request came for items of shop wiith ID = 65b922da44f066af7d285ffc
[2024-02-11T07:46:55.517Z] [32minfo[39m: Request came for shops
[2024-02-11T07:47:01.275Z] [32minfo[39m: Request came for items of shop wiith ID = 65b92510955f9046292ca2dd
[2024-02-11T07:54:27.156Z] [32minfo[39m: Request came for getting user
[2024-02-11T07:55:03.296Z] [32minfo[39m: Request came for items of shop wiith ID = 65b922da44f066af7d285ffc
[2024-02-11T07:56:37.678Z] [32minfo[39m: Request came for getting user
[2024-02-11T07:57:52.885Z] [32minfo[39m: Request came for getting user
[2024-02-11T08:03:44.951Z] [32minfo[39m: Request came for getting user
[2024-02-11T08:05:55.337Z] [32minfo[39m: Request came for getting user
[2024-02-11T08:07:01.931Z] [32minfo[39m: Request came for getting user
[2024-02-11T08:14:35.310Z] [32minfo[39m: Request came for getting user
[2024-02-11T08:15:42.316Z] [32minfo[39m: Request came for getting user
[2024-02-11T08:20:12.697Z] [32minfo[39m: Request came for getting user
[2024-02-11T08:20:32.716Z] [32minfo[39m: Request came for getting user
[2024-02-11T08:20:33.398Z] [32minfo[39m: Request came for getting user
[2024-02-11T08:22:34.627Z] [32minfo[39m: Request came for getting user
[2024-02-11T08:22:39.978Z] [32minfo[39m: Request came for getting user
[2024-02-11T08:23:09.309Z] [32minfo[39m: Request came for getting user
[2024-02-11T08:24:49.543Z] [32minfo[39m: Request came for search
[2024-02-11T08:24:52.872Z] [32minfo[39m: Request came for shops
[2024-02-11T08:24:54.305Z] [32minfo[39m: Request came for items of shop wiith ID = 65b92510955f9046292ca2dd
[2024-02-11T08:25:56.683Z] [32minfo[39m: Request came for search
[2024-02-11T08:26:03.100Z] [32minfo[39m: Request came for shops
[2024-02-11T08:26:09.426Z] [32minfo[39m: Request came for items of shop wiith ID = 65b92510955f9046292ca2dd
[2024-02-11T08:30:33.545Z] [32minfo[39m: Request came for search
[2024-02-11T08:33:00.591Z] [32minfo[39m: Request came for search
[2024-02-11T08:37:43.289Z] [32minfo[39m: Request came for shops
[2024-02-11T08:37:45.458Z] [32minfo[39m: Request came for items of shop wiith ID = 65b922da44f066af7d285ffc
[2024-02-11T08:43:10.820Z] [32minfo[39m: Request came for getting user
[2024-02-11T08:48:57.388Z] [32minfo[39m: Request came for getting user
[2024-02-11T08:52:01.546Z] [32minfo[39m: Request came for getting user
[2024-02-11T08:53:11.955Z] [32minfo[39m: Request came for getting user
[2024-02-11T08:58:40.495Z] [32minfo[39m: Request came for getting user
[2024-02-11T09:07:03.592Z] [32minfo[39m: Request came for getting user
[2024-02-11T09:10:10.815Z] [32minfo[39m: Request came for getting user
[2024-02-11T09:10:47.819Z] [32minfo[39m: Request came for getting user
[2024-02-11T09:10:53.826Z] [32minfo[39m: Request came for getting user
[2024-02-11T09:11:00.826Z] [32minfo[39m: Request came for getting user
[2024-02-11T09:14:15.573Z] [32minfo[39m: Request came for getting user
[2024-02-11T09:18:38.383Z] [32minfo[39m: Request came for getting user
[2024-02-11T09:18:56.068Z] [32minfo[39m: Request came for getting user
[2024-02-11T09:19:21.010Z] [32minfo[39m: Request came for getting user
[2024-02-11T09:19:29.275Z] [32minfo[39m: Request came for getting user
[2024-02-11T09:19:30.878Z] [32minfo[39m: Request came for getting user
[2024-02-11T09:23:42.455Z] [32minfo[39m: Request came for getting user
[2024-02-11T09:25:01.610Z] [32minfo[39m: Request came for getting user
[2024-02-11T09:29:04.179Z] [32minfo[39m: Request came for getting user
[2024-02-11T09:29:11.070Z] [32minfo[39m: Request came for search
[2024-02-11T09:29:19.041Z] [32minfo[39m: Request came for search
[2024-02-11T09:29:21.734Z] [32minfo[39m: Request came for shops
[2024-02-11T09:29:23.774Z] [32minfo[39m: Request came for items of shop wiith ID = 65b922da44f066af7d285ffc
[2024-02-11T09:30:29.698Z] [32minfo[39m: Request came for search
[2024-02-11T09:30:33.335Z] [32minfo[39m: Request came for shops
[2024-02-11T09:30:34.343Z] [32minfo[39m: Request came for items of shop wiith ID = 65b92510955f9046292ca2dd
[2024-02-11T09:30:49.809Z] [32minfo[39m: Request came for search
[2024-02-11T09:30:52.009Z] [32minfo[39m: Request came for search
[2024-02-11T09:30:55.590Z] [32minfo[39m: Request came for search
[2024-02-11T09:30:57.160Z] [32minfo[39m: Request came for items of shop wiith ID = 65b922da44f066af7d285ffc
[2024-02-11T09:31:14.564Z] [32minfo[39m: Request came for search
[2024-02-11T09:31:16.343Z] [32minfo[39m: Request came for items of shop wiith ID = 65b922da44f066af7d285ffc
[2024-02-11T09:32:29.822Z] [32minfo[39m: Request came for search
[2024-02-11T09:32:31.494Z] [32minfo[39m: Request came for items of shop wiith ID = 65b922da44f066af7d285ffc
[2024-02-11T09:32:50.896Z] [32minfo[39m: Request came for search
[2024-02-11T09:32:52.764Z] [32minfo[39m: Request came for items of shop wiith ID = 65b922da44f066af7d285ffc
[2024-02-11T09:32:59.760Z] [32minfo[39m: Request came for search
[2024-02-11T09:33:01.938Z] [32minfo[39m: Request came for items of shop wiith ID = 65b922da44f066af7d285ffc
[2024-02-11T09:33:12.636Z] [32minfo[39m: Request came for search
[2024-02-11T09:33:14.526Z] [32minfo[39m: Request came for items of shop wiith ID = 65b922da44f066af7d285ffc
[2024-02-11T09:36:05.304Z] [32minfo[39m: Server is running on port 5000
[2024-02-11T09:36:08.334Z] [32minfo[39m: Server is running on port 5000
[2024-02-11T09:36:16.054Z] [32minfo[39m: Connected to the database
[2024-02-11T09:36:17.532Z] [32minfo[39m: Server is running on port 5000
[2024-02-11T09:36:21.808Z] [32minfo[39m: Server is running on port 5000
[2024-02-11T09:36:26.637Z] [32minfo[39m: Server is running on port 5000
[2024-02-11T09:36:31.175Z] [32minfo[39m: Server is running on port 5000
[2024-02-11T09:36:37.107Z] [32minfo[39m: Server is running on port 5000
[2024-02-11T09:36:39.642Z] [32minfo[39m: Connected to the database
[2024-02-11T09:36:55.359Z] [32minfo[39m: Server is running on port 5000
[2024-02-11T09:36:57.220Z] [32minfo[39m: Connected to the database
[2024-02-11T09:36:59.559Z] [32minfo[39m: Server is running on port 5000
[2024-02-11T09:37:06.715Z] [32minfo[39m: Connected to the database
[2024-02-11T09:49:39.091Z] [32minfo[39m: Server is running on port 5000
[2024-02-11T09:49:54.137Z] [32minfo[39m: Connected to the database
[2024-02-11T09:50:25.538Z] [32minfo[39m: Request came for getting user
[2024-02-11T09:50:48.949Z] [32minfo[39m: Request came for getting user
[2024-02-11T09:52:51.751Z] [32minfo[39m: Request came for signup
[2024-02-11T09:52:59.063Z] [32minfo[39m: Request came for search
[2024-02-11T09:53:02.390Z] [32minfo[39m: Request came for shops
[2024-02-11T09:53:04.106Z] [32minfo[39m: Request came for items of shop wiith ID = 65b92510955f9046292ca2dd
[2024-02-11T09:55:08.331Z] [32minfo[39m: Server is running on port 5000
[2024-02-11T09:55:21.206Z] [32minfo[39m: Connected to the database
[2024-02-11T09:55:28.491Z] [32minfo[39m: Request came for getting user
[2024-02-11T09:55:36.790Z] [32minfo[39m: Request came for search
[2024-02-11T09:55:47.171Z] [32minfo[39m: Request came for search
[2024-02-11T09:55:49.635Z] [32minfo[39m: Request came for shops
[2024-02-11T09:55:55.040Z] [32minfo[39m: Request came for items of shop wiith ID = 65b922da44f066af7d285ffc
